<?xml version="1.0" encoding="UTF-8"?>
<!-- Generated by org.testng.reporters.JUnitReportReporter -->
<testsuite hostname="DSHYD_PC_153" name="Pack1.Sample1" tests="1" failures="0" timestamp="13 Jan 2020 12:08:44 GMT" time="0.016" errors="0">
  <testcase name="m" time="0.016" classname="Pack1.Sample1"/>
</testsuite> <!-- Pack1.Sample1 -->
